<?xml version="1.0" encoding="UTF-8" ?>
<testsuite failures="0" time="2.406" errors="0" skipped="0" tests="6" name="by.itm.webshop.persistence.AbstractUserDaoTest">
  <properties>
[...]
</properties>
  <testcase time="2" classname="by.itm.webshop.persistence.AbstractUserDaoTest" name="shouldBeAbleToDeleteInsertedUser"/>
  <testcase time="0.14" classname="by.itm.webshop.persistence.AbstractUserDaoTest" name="shouldBeAbleToDeleteInsertedOrder"/>
  <testcase time="0" classname="by.itm.webshop.persistence.AbstractUserDaoTest" name="shouldBeAbleToAddInsertedOrder"/>
  <testcase time="0.016" classname="by.itm.webshop.persistence.AbstractUserDaoTest" name="shouldBeAbleToUpdateInsertedOrder"/>
  <testcase time="0" classname="by.itm.webshop.persistence.AbstractUserDaoTest" name="shouldBeAbleToFindInsertedUser"/>
  <testcase time="0.015" classname="by.itm.webshop.persistence.AbstractUserDaoTest" name="shouldBeAbleToFindInsertedOrders"/>
</testsuite>